<?xml version="1.0" encoding="UTF-8"?>
<testsuite xmlns:xsi="http://www.w3.org/2001/XMLSchema-instance" xsi:noNamespaceSchemaLocation="https://maven.apache.org/surefire/maven-surefire-plugin/xsd/surefire-test-report.xsd" name="es.iespuertolacruz.jpexposito.GestionTest" time="0.041" tests="4" errors="0" skipped="0" failures="0">
  <properties>
[...]
</properties>
  <testcase name="insertarClienteTest" classname="es.iespuertolacruz.jpexposito.GestionTest" time="0.031"/>
  <testcase name="eliminarClienteTest" classname="es.iespuertolacruz.jpexposito.GestionTest" time="0"/>
  <testcase name="eliminarCocheTest" classname="es.iespuertolacruz.jpexposito.GestionTest" time="0.001"/>
  <testcase name="insertarCocheTest" classname="es.iespuertolacruz.jpexposito.GestionTest" time="0.001"/>
</testsuite>